  [4;36;1mSQL (0.3ms)[0m   [0;1m SELECT name
 FROM sqlite_master
 WHERE type = 'table' AND NOT name = 'sqlite_sequence'
[0m
  [4;35;1mSQL (0.1ms)[0m   [0mselect sqlite_version(*)[0m
  [4;36;1mSQL (8.3ms)[0m   [0;1mCREATE TABLE "schema_migrations" ("version" varchar(255) NOT NULL) [0m
  [4;35;1mSQL (5.4ms)[0m   [0mCREATE UNIQUE INDEX "unique_schema_migrations" ON "schema_migrations" ("version")[0m
  [4;36;1mSQL (0.2ms)[0m   [0;1m SELECT name
 FROM sqlite_master
 WHERE type = 'table' AND NOT name = 'sqlite_sequence'
[0m
  [4;35;1mSQL (0.1ms)[0m   [0mSELECT version FROM schema_migrations[0m
Migrating to CreateUsers (20090207205447)
  [4;36;1mSQL (5.5ms)[0m   [0;1mCREATE TABLE "users" ("id" INTEGER PRIMARY KEY AUTOINCREMENT NOT NULL, "name" varchar(255), "login" varchar(255), "skeleton_hours" float, "vacation_hours" float, "sick_hours" float, "comp_hours" float, "vacation_accrual_rate" float, "sick_accrual_rate" float, "created_at" datetime, "updated_at" datetime) [0m
  [4;35;1mSQL (10.5ms)[0m   [0mINSERT INTO schema_migrations (version) VALUES ('20090207205447')[0m
Migrating to CreateWorkPeriods (20090207213413)
  [4;36;1mSQL (9.1ms)[0m   [0;1mCREATE TABLE "work_periods" ("id" INTEGER PRIMARY KEY AUTOINCREMENT NOT NULL, "user_id" integer, "start_time" datetime, "end_time" datetime, "note" text, "created_at" datetime, "updated_at" datetime) [0m
  [4;35;1mSQL (12.1ms)[0m   [0mINSERT INTO schema_migrations (version) VALUES ('20090207213413')[0m
  [4;36;1mSQL (0.3ms)[0m   [0;1m SELECT name
 FROM sqlite_master
 WHERE type = 'table' AND NOT name = 'sqlite_sequence'
[0m
  [4;35;1mSQL (0.1ms)[0m   [0mSELECT version FROM schema_migrations[0m
  [4;36;1mSQL (0.2ms)[0m   [0;1m SELECT name
 FROM sqlite_master
 WHERE type = 'table' AND NOT name = 'sqlite_sequence'
[0m
  [4;35;1mSQL (0.0ms)[0m   [0mPRAGMA index_list("users")[0m
  [4;36;1mSQL (0.0ms)[0m   [0;1mPRAGMA index_list("work_periods")[0m
  [4;36;1mSQL (0.6ms)[0m   [0;1m SELECT name
 FROM sqlite_master
 WHERE type = 'table' AND NOT name = 'sqlite_sequence'
[0m
  [4;35;1mSQL (0.2ms)[0m   [0mSELECT version FROM schema_migrations[0m
  [4;36;1mSQL (0.2ms)[0m   [0;1mselect sqlite_version(*)[0m
  [4;35;1mSQL (0.2ms)[0m   [0m SELECT name
 FROM sqlite_master
 WHERE type = 'table' AND NOT name = 'sqlite_sequence'
[0m
  [4;36;1mSQL (5.2ms)[0m   [0;1mCREATE TABLE "users" ("id" INTEGER PRIMARY KEY AUTOINCREMENT NOT NULL, "name" varchar(255), "login" varchar(255), "skeleton_hours" float, "vacation_hours" float, "sick_hours" float, "comp_hours" float, "vacation_accrual_rate" float, "sick_accrual_rate" float, "created_at" datetime, "updated_at" datetime) [0m
  [4;35;1mSQL (0.2ms)[0m   [0m SELECT name
 FROM sqlite_master
 WHERE type = 'table' AND NOT name = 'sqlite_sequence'
[0m
  [4;36;1mSQL (4.3ms)[0m   [0;1mCREATE TABLE "work_periods" ("id" INTEGER PRIMARY KEY AUTOINCREMENT NOT NULL, "user_id" integer, "start_time" datetime, "end_time" datetime, "note" text, "created_at" datetime, "updated_at" datetime) [0m
  [4;35;1mSQL (0.2ms)[0m   [0m SELECT name
 FROM sqlite_master
 WHERE type = 'table' AND NOT name = 'sqlite_sequence'
[0m
  [4;36;1mSQL (8.2ms)[0m   [0;1mCREATE TABLE "schema_migrations" ("version" varchar(255) NOT NULL) [0m
  [4;35;1mSQL (9.7ms)[0m   [0mCREATE UNIQUE INDEX "unique_schema_migrations" ON "schema_migrations" ("version")[0m
  [4;36;1mSQL (0.2ms)[0m   [0;1m SELECT name
 FROM sqlite_master
 WHERE type = 'table' AND NOT name = 'sqlite_sequence'
[0m
  [4;35;1mSQL (0.1ms)[0m   [0mSELECT version FROM "schema_migrations"[0m
  [4;36;1mSQL (5.3ms)[0m   [0;1mINSERT INTO "schema_migrations" (version) VALUES ('20090207213413')[0m
  [4;35;1mSQL (7.1ms)[0m   [0mINSERT INTO "schema_migrations" (version) VALUES ('20090207205447')[0m


Processing UsersController#index (for 127.0.0.1 at 2009-02-07 23:54:04) [GET]
  [4;36;1mUser Load (0.6ms)[0m   [0;1mSELECT * FROM "users" [0m
Rendering template within layouts/users
Rendering users/index
Completed in 9ms (View: 4, DB: 1) | 200 OK [http://localhost/users]
  [4;36;1mSQL (0.6ms)[0m   [0;1m SELECT name
 FROM sqlite_master
 WHERE type = 'table' AND NOT name = 'sqlite_sequence'
[0m
  [4;35;1mSQL (0.2ms)[0m   [0mSELECT version FROM schema_migrations[0m
  [4;36;1mSQL (0.2ms)[0m   [0;1m SELECT name
 FROM sqlite_master
 WHERE type = 'table' AND NOT name = 'sqlite_sequence'
[0m
  [4;35;1mSQL (0.1ms)[0m   [0mSELECT version FROM schema_migrations[0m
Migrating to CreateWorkPeriods (20090207213413)
  [4;36;1mSQL (6.2ms)[0m   [0;1mDROP TABLE "work_periods"[0m
  [4;35;1mSQL (3.4ms)[0m   [0mDELETE FROM schema_migrations WHERE version = '20090207213413'[0m
Migrating to CreateUsers (20090207205447)
  [4;36;1mSQL (9.7ms)[0m   [0;1mDROP TABLE "users"[0m
  [4;35;1mSQL (7.6ms)[0m   [0mDELETE FROM schema_migrations WHERE version = '20090207205447'[0m
  [4;36;1mSQL (0.2ms)[0m   [0;1mselect sqlite_version(*)[0m
  [4;35;1mSQL (0.2ms)[0m   [0m SELECT name
 FROM sqlite_master
 WHERE type = 'table' AND NOT name = 'sqlite_sequence'
[0m
  [4;36;1mSQL (0.1ms)[0m   [0;1mSELECT version FROM schema_migrations[0m
  [4;35;1mSQL (0.2ms)[0m   [0m SELECT name
 FROM sqlite_master
 WHERE type = 'table' AND NOT name = 'sqlite_sequence'
[0m
  [4;36;1mSQL (0.5ms)[0m   [0;1m SELECT name
 FROM sqlite_master
 WHERE type = 'table' AND NOT name = 'sqlite_sequence'
[0m
  [4;35;1mSQL (0.1ms)[0m   [0mSELECT version FROM schema_migrations[0m
Migrating to CreateUsers (20090207205447)
  [4;36;1mSQL (0.1ms)[0m   [0;1mselect sqlite_version(*)[0m
  [4;35;1mSQL (7.4ms)[0m   [0mCREATE TABLE "users" ("id" INTEGER PRIMARY KEY AUTOINCREMENT NOT NULL, "name" varchar(255), "login" varchar(255), "skeleton_hours" float DEFAULT 0.0, "vacation_hours" float DEFAULT 0.0, "sick_hours" float DEFAULT 0.0, "comp_hours" float DEFAULT 0.0, "vacation_accrual_rate" float DEFAULT 0.0, "sick_accrual_rate" float DEFAULT 0.0, "created_at" datetime, "updated_at" datetime) [0m
  [4;36;1mSQL (4.6ms)[0m   [0;1mINSERT INTO schema_migrations (version) VALUES ('20090207205447')[0m
Migrating to CreateWorkPeriods (20090207213413)
  [4;35;1mSQL (5.1ms)[0m   [0mCREATE TABLE "work_periods" ("id" INTEGER PRIMARY KEY AUTOINCREMENT NOT NULL, "user_id" integer, "start_time" datetime, "end_time" datetime, "note" text, "created_at" datetime, "updated_at" datetime) [0m
  [4;36;1mSQL (21.4ms)[0m   [0;1mINSERT INTO schema_migrations (version) VALUES ('20090207213413')[0m
  [4;35;1mSQL (0.3ms)[0m   [0m SELECT name
 FROM sqlite_master
 WHERE type = 'table' AND NOT name = 'sqlite_sequence'
[0m
  [4;36;1mSQL (0.2ms)[0m   [0;1mSELECT version FROM schema_migrations[0m
  [4;35;1mSQL (0.2ms)[0m   [0m SELECT name
 FROM sqlite_master
 WHERE type = 'table' AND NOT name = 'sqlite_sequence'
[0m
  [4;36;1mSQL (0.1ms)[0m   [0;1mPRAGMA index_list("users")[0m
  [4;35;1mSQL (0.1ms)[0m   [0mPRAGMA index_list("work_periods")[0m


Processing UsersController#new (for 127.0.0.1 at 2009-02-08 21:45:04) [GET]
Rendering template within layouts/users
Rendering users/new
Completed in 77ms (View: 9, DB: 0) | 200 OK [http://localhost/users/new]


Processing UsersController#index (for 127.0.0.1 at 2009-02-08 21:45:07) [GET]
  [4;36;1mUser Load (0.5ms)[0m   [0;1mSELECT * FROM "users" [0m
Rendering template within layouts/users
Rendering users/index
Completed in 9ms (View: 4, DB: 0) | 200 OK [http://localhost/users]


Processing UsersController#new (for 127.0.0.1 at 2009-02-08 21:45:10) [GET]
Rendering template within layouts/users
Rendering users/new
Completed in 14ms (View: 8, DB: 0) | 200 OK [http://localhost/users/new]


Processing UsersController#create (for 127.0.0.1 at 2009-02-08 21:46:16) [POST]
  Parameters: {"commit"=>"Create", "authenticity_token"=>"2429e75986551424dd8a5490081e0800388af8c4", "user"=>{"comp_hours"=>"0.0", "skeleton_hours"=>"0.0", "name"=>"Keith Gaddis", "vacation_hours"=>"0.0", "sick_hours"=>"0.0", "sick_accrual_rate"=>".07", "vacation_accrual_rate"=>".05", "login"=>"keith"}}
  [4;35;1mUser Create (0.7ms)[0m   [0mINSERT INTO "users" ("name", "skeleton_hours", "comp_hours", "created_at", "vacation_hours", "sick_hours", "updated_at", "sick_accrual_rate", "vacation_accrual_rate", "login") VALUES('Keith Gaddis', 0.0, 0.0, '2009-02-09 03:46:16', 0.0, 0.0, '2009-02-09 03:46:16', 0.07, 0.05, 'keith')[0m
Redirected to #<User:0xb715c720>
Completed in 39ms (DB: 1) | 302 Found [http://localhost/users]


Processing UsersController#show (for 127.0.0.1 at 2009-02-08 21:46:16) [GET]
  Parameters: {"id"=>"1"}
  [4;36;1mUser Load (0.7ms)[0m   [0;1mSELECT * FROM "users" WHERE ("users"."id" = 1) [0m
Rendering template within layouts/users
Rendering users/show
Completed in 18ms (View: 5, DB: 1) | 200 OK [http://localhost/users/1]


Processing UsersController#index (for 127.0.0.1 at 2009-02-08 21:46:21) [GET]
  [4;35;1mUser Load (1.4ms)[0m   [0mSELECT * FROM "users" [0m
Rendering template within layouts/users
Rendering users/index
Completed in 29ms (View: 16, DB: 1) | 200 OK [http://localhost/users]


Processing UsersController#show (for 127.0.0.1 at 2009-02-08 21:47:31) [GET]
  Parameters: {"id"=>"1"}
  [4;36;1mUser Load (0.7ms)[0m   [0;1mSELECT * FROM "users" WHERE ("users"."id" = 1) [0m
Rendering template within layouts/users
Rendering users/show
Completed in 22ms (View: 9, DB: 1) | 200 OK [http://localhost/users/1]
